<?xml version="1.0" encoding="UTF-8"?>
<!-- Generated by org.testng.reporters.JUnitXMLReporter -->
<testsuite hostname="archlinux" ignored="0" name="Default test" tests="11" failures="0" timestamp="22 jan 2019 00:41:56 GMT" time="12.168" errors="0">
  <testcase name="PHP" time="1.498" classname="cursoemvideo.TesteNomeVideo"/>
  <testcase name="banco" time="0.796" classname="cursoemvideo.TesteNomeVideo"/>
  <testcase name="hardware" time="0.894" classname="cursoemvideo.TesteNomeVideo"/>
  <testcase name="html" time="0.871" classname="cursoemvideo.TesteNomeVideo"/>
  <testcase name="java" time="1.926" classname="cursoemvideo.TesteNomeVideo"/>
  <testcase name="logica" time="1.102" classname="cursoemvideo.TesteNomeVideo"/>
  <testcase name="pooJava" time="0.985" classname="cursoemvideo.TesteNomeVideo"/>
  <testcase name="pooPHP" time="0.944" classname="cursoemvideo.TesteNomeVideo"/>
  <testcase name="python3Estruturas" time="0.812" classname="cursoemvideo.TesteNomeVideo"/>
  <testcase name="python3EstruturasCompostas" time="0.795" classname="cursoemvideo.TesteNomeVideo"/>
  <testcase name="python3Fundamentos" time="1.487" classname="cursoemvideo.TesteNomeVideo"/>
</testsuite> <!-- Default test -->
