<?xml version="1.0" encoding="UTF-8"?>
<!-- Generated by org.testng.reporters.JUnitXMLReporter -->
<testsuite hostname="archlinux" ignored="9" name="Default test" tests="2" failures="0" timestamp="22 jan 2019 03:05:13 GMT" time="2.643" errors="0">
  <testcase name="python3Estruturas" time="1.558" classname="cursoemvideo.TesteNomeVideo"/>
  <testcase name="python3Fundamentos" time="1.061" classname="cursoemvideo.TesteNomeVideo"/>
  <testcase name="hardware" time="0.0" classname="cursoemvideo.TesteNomeVideo">
    <ignored/>
  </testcase> <!-- hardware -->
  <testcase name="banco" time="0.0" classname="cursoemvideo.TesteNomeVideo">
    <ignored/>
  </testcase> <!-- banco -->
  <testcase name="PHP" time="0.0" classname="cursoemvideo.TesteNomeVideo">
    <ignored/>
  </testcase> <!-- PHP -->
  <testcase name="html" time="0.0" classname="cursoemvideo.TesteNomeVideo">
    <ignored/>
  </testcase> <!-- html -->
  <testcase name="logica" time="0.0" classname="cursoemvideo.TesteNomeVideo">
    <ignored/>
  </testcase> <!-- logica -->
  <testcase name="pooPHP" time="0.0" classname="cursoemvideo.TesteNomeVideo">
    <ignored/>
  </testcase> <!-- pooPHP -->
  <testcase name="python3EstruturasCompostas" time="0.0" classname="cursoemvideo.TesteNomeVideo">
    <ignored/>
  </testcase> <!-- python3EstruturasCompostas -->
  <testcase name="java" time="0.0" classname="cursoemvideo.TesteNomeVideo">
    <ignored/>
  </testcase> <!-- java -->
  <testcase name="pooJava" time="0.0" classname="cursoemvideo.TesteNomeVideo">
    <ignored/>
  </testcase> <!-- pooJava -->
</testsuite> <!-- Default test -->
